<?xml version="1.0" encoding="UTF-8"?>
<!-- Generated by org.testng.reporters.JUnitReportReporter -->
<testsuite hostname="LAPTOP-3LHL5QB2" failures="0" tests="4" name="com.testcases.VerifyCreateUser" time="9.865" errors="0" timestamp="2024-04-13T12:35:38 IST" skipped="0">
  <testcase classname="com.testcases.VerifyCreateUser" name="verifyCreateUser" time="3.466"/>
  <system-out/>
  <testcase classname="com.testcases.VerifyCreateUser" name="VerifyGetUser" time="2.028"/>
  <system-out/>
  <testcase classname="com.testcases.VerifyCreateUser" name="verifyUpdateUser" time="2.948"/>
  <system-out/>
  <testcase classname="com.testcases.VerifyCreateUser" name="VerifydeleteUser" time="1.423"/>
  <system-out/>
</testsuite> <!-- com.testcases.VerifyCreateUser -->
