<?xml version="1.0" encoding="UTF-8"?>
<!-- Generated by org.testng.reporters.JUnitReportReporter -->
<testsuite hostname="LAPTOP-3LHL5QB2" failures="0" tests="4" name="com.testcases.VerifyCreateUser" time="8.448" errors="0" timestamp="2024-04-12T18:08:58 IST" skipped="0">
  <testcase classname="com.testcases.VerifyCreateUser" name="verifyCreateUser" time="2.906"/>
  <system-out/>
  <testcase classname="com.testcases.VerifyCreateUser" name="VerifyGetUser" time="1.448"/>
  <system-out/>
  <testcase classname="com.testcases.VerifyCreateUser" name="verifyUpdateUser" time="2.690"/>
  <system-out/>
  <testcase classname="com.testcases.VerifyCreateUser" name="VerifydeleteUser" time="1.404"/>
  <system-out/>
</testsuite> <!-- com.testcases.VerifyCreateUser -->
